[debug] [2025-04-29T18:20:28.176Z] ----------------------------------------------------------------------
[debug] [2025-04-29T18:20:28.182Z] Command:       C:\Program Files\nodejs\node.exe C:\Users\Dell\AppData\Roaming\npm\node_modules\firebase-tools\lib\bin\firebase.js init
[debug] [2025-04-29T18:20:28.183Z] CLI Version:   14.2.1
[debug] [2025-04-29T18:20:28.184Z] Platform:      win32
[debug] [2025-04-29T18:20:28.184Z] Node Version:  v22.12.0
[debug] [2025-04-29T18:20:28.185Z] Time:          Tue Apr 29 2025 23:50:28 GMT+0530 (India Standard Time)
[debug] [2025-04-29T18:20:28.185Z] ----------------------------------------------------------------------
[debug] 
[debug] [2025-04-29T18:20:28.203Z] > command requires scopes: ["email","openid","https://www.googleapis.com/auth/cloudplatformprojects.readonly","https://www.googleapis.com/auth/firebase","https://www.googleapis.com/auth/cloud-platform"]
[debug] [2025-04-29T18:20:28.204Z] > authorizing via signed-in user (harshadahirapure@gmail.com)
[info] 
     ######## #### ########  ######## ########     ###     ######  ########
     ##        ##  ##     ## ##       ##     ##  ##   ##  ##       ##
     ######    ##  ########  ######   ########  #########  ######  ######
     ##        ##  ##    ##  ##       ##     ## ##     ##       ## ##
     ##       #### ##     ## ######## ########  ##     ##  ######  ########

You're about to initialize a Firebase project in this directory:

  C:\Users\Dell\Desktop\todolist

[info] 
=== Project Setup
[info] 
[info] First, let's associate this project directory with a Firebase project.
[info] You can create multiple project aliases by running firebase use --add, 
[info] but for now we'll just set up a default project.
[info] 
[debug] [2025-04-29T18:21:58.552Z] Checked if tokens are valid: true, expires at: 1745954256551
[debug] [2025-04-29T18:21:58.552Z] Checked if tokens are valid: true, expires at: 1745954256551
[debug] [2025-04-29T18:21:58.554Z] >>> [apiv2][query] GET https://firebase.googleapis.com/v1beta1/projects pageSize=100
[debug] [2025-04-29T18:22:00.130Z] <<< [apiv2][status] GET https://firebase.googleapis.com/v1beta1/projects 200
[debug] [2025-04-29T18:22:00.131Z] <<< [apiv2][body] GET https://firebase.googleapis.com/v1beta1/projects [omitted]
[info] i  Using project todolist-73c94 (Todolist) 
[info] 
=== Hosting Setup
[debug] [2025-04-29T18:22:03.129Z] Checked if tokens are valid: true, expires at: 1745954256551
[debug] [2025-04-29T18:22:03.129Z] Checked if tokens are valid: true, expires at: 1745954256551
[debug] [2025-04-29T18:22:03.129Z] >>> [apiv2][query] GET https://firebase.googleapis.com/v1beta1/projects/todolist-73c94 [none]
[debug] [2025-04-29T18:22:03.762Z] <<< [apiv2][status] GET https://firebase.googleapis.com/v1beta1/projects/todolist-73c94 200
[debug] [2025-04-29T18:22:03.763Z] <<< [apiv2][body] GET https://firebase.googleapis.com/v1beta1/projects/todolist-73c94 {"projectId":"todolist-73c94","projectNumber":"313614051555","displayName":"Todolist","name":"projects/todolist-73c94","resources":{"hostingSite":"todolist-73c94"},"state":"ACTIVE","etag":"1_f6e04933-605b-438f-bbe1-d9398663f810"}
[info] 
[info] Your public directory is the folder (relative to your project directory) that
[info] will contain Hosting assets to be uploaded with firebase deploy. If you
[info] have a build process for your assets, use your build's output directory.
[info] 
